Verismith 11:53:06 fuzz_1 - Sampling Verilog from generator
Verismith 11:53:06 fuzz_1 - Using first seed
Verismith 11:53:06 fuzz_1 - Chose Seed 10125302424574354942 828176532243040297
Verismith 11:53:06 fuzz_1 - Generated Verilog (0.187492388s)
Verismith 11:53:06 fuzz_1 - ### Starting Synthesis ###
Verismith 11:53:06 fuzz_1 - Running synthesis with identity
Verismith 11:53:06 fuzz_1 - Finished synthesis with identity (0.075564137s,Pass ())
Verismith 11:53:06 fuzz_1 - Running synthesis with yosys
Verismith 11:55:42 fuzz_1 - Finished synthesis with yosys (155.601734308s,Pass ())
[(0.075564137s,Pass ()),(155.601734308s,Pass ())]
Verismith 11:55:42 fuzz_1 - ### Finished Synthesis (155.677769803s) ###
Verismith 11:55:42 fuzz_1 - ### Starting Equivalence Check ###
Verismith 11:55:42 fuzz_1 - Running equivalence check for identity and yosys
Verismith 11:55:57 fuzz_1 - Finished equivalence check for identity and yosys (15.537155798s,Pass ())
[(15.537155798s,Pass ())]
Verismith 11:55:57 fuzz_1 - ### Finished Equivalence Check (15.537426259s) ###
Verismith 11:55:57 fuzz_1 - ### Starting Simulation ###
Verismith 11:55:57 fuzz_1 - Running simulation for identity
Verismith 11:55:59 fuzz_1 - Finished simulation for identity (2.032926821s,Pass "\240\&1\STX\133S\155!\175")
Verismith 11:55:59 fuzz_1 - Running simulation for identity
Verismith 11:56:01 fuzz_1 - Finished simulation for identity (2.038895967s,Pass "\240\&1\STX\133S\155!\175")
Verismith 11:56:01 fuzz_1 - Running simulation for yosys
Verismith 11:56:05 fuzz_1 - Finished simulation for yosys (3.318586935s,Fail SimFail c664842dca)
[Pass "f031028553",Pass "f031028553",Fail "SimFail c664842dca"]
Verismith 11:56:05 fuzz_1 - ### Finished Simulation (7.395024901s) ###
Verismith 11:56:05 fuzz_1 - ### Starting Reduction ###
Reducing Modules (Modules: 6, Module items: 356)
Reducing Modules (Modules: 4, Module items: 240)
Reducing Modules (Modules: 2, Module items: 112)
Reducing Module items (module23) (Modules: 2, Module items: 112)
Reducing Module items (module23) (Modules: 2, Module items: 106)
Reducing Module items (module23) (Modules: 2, Module items: 103)
Reducing Module items (module23) (Modules: 2, Module items: 101)
Reducing Module items (top) (Modules: 2, Module items: 101)
Reducing Module items (top) (Modules: 2, Module items: 90)
Reducing Module items (top) (Modules: 2, Module items: 85)
Reducing Module items (top) (Modules: 2, Module items: 83)
Reducing Statements (module23) (Modules: 2, Module items: 83)
Reducing Statements (module23) (Modules: 2, Module items: 83)
Reducing Statements (module23) (Modules: 2, Module items: 83)
Reducing Statements (module23) (Modules: 2, Module items: 83)
Reducing Statements (top) (Modules: 2, Module items: 83)
Reducing Statements (top) (Modules: 2, Module items: 83)
Reducing Statements (top) (Modules: 2, Module items: 83)
Reducing Statements (top) (Modules: 2, Module items: 83)
Reducing Remove constants in concat (Modules: 2, Module items: 83)
Reducing Remove constants in concat (Modules: 2, Module items: 83)
Reducing Cleaning (Modules: 2, Module items: 83)
Reducing Cleaning (Modules: 2, Module items: 16)
Verismith 11:56:53 fuzz_1 - ### Finished Reduction (48.483129267s) ###
