Verismith 16:22:40 fuzz_1 - Sampling Verilog from generator
Verismith 16:22:40 fuzz_1 - Using first seed
Verismith 16:22:40 fuzz_1 - Chose Seed 10125302424574354942 828176532243040297
Verismith 16:22:40 fuzz_1 - Generated Verilog (0.075582086s)
Verismith 16:22:40 fuzz_1 - ### Starting Synthesis ###
Verismith 16:22:40 fuzz_1 - Running synthesis with identity
Verismith 16:22:40 fuzz_1 - Finished synthesis with identity (0.063258575s,Pass ())
Verismith 16:22:40 fuzz_1 - Running synthesis with yosys
Verismith 16:24:37 fuzz_1 - Finished synthesis with yosys (116.9787773s,Pass ())
[(0.063258575s,Pass ()),(116.9787773s,Pass ())]
Verismith 16:24:37 fuzz_1 - ### Finished Synthesis (117.044950931s) ###
Verismith 16:24:37 fuzz_1 - ### Starting Equivalence Check ###
Verismith 16:24:37 fuzz_1 - Running equivalence check for identity and yosys
Verismith 16:24:45 fuzz_1 - Finished equivalence check for identity and yosys (7.951852466s,Pass ())
[(7.951852466s,Pass ())]
Verismith 16:24:45 fuzz_1 - ### Finished Equivalence Check (7.952947105s) ###
Verismith 16:24:45 fuzz_1 - ### Starting Simulation ###
Verismith 16:24:45 fuzz_1 - Running simulation for identity
Verismith 16:24:47 fuzz_1 - Finished simulation for identity (1.550137324s,Pass "\233\&9*\ETX\173\221Y\211")
Verismith 16:24:47 fuzz_1 - Running simulation for identity
Verismith 16:24:48 fuzz_1 - Finished simulation for identity (1.523242469s,Pass "\233\&9*\ETX\173\221Y\211")
Verismith 16:24:48 fuzz_1 - Running simulation for yosys
Verismith 16:24:50 fuzz_1 - Finished simulation for yosys (2.090954815s,Fail SimFail 3c00029ad3)
[Pass "e9392a03ad",Pass "e9392a03ad",Fail "SimFail 3c00029ad3"]
Verismith 16:24:50 fuzz_1 - ### Finished Simulation (5.170598049s) ###
