Verismith 11:57:53 fuzz_1 - Sampling Verilog from generator
Verismith 11:57:53 fuzz_1 - Using first seed
Verismith 11:57:53 fuzz_1 - Chose Seed 10125302424574354942 828176532243040297
Verismith 11:57:53 fuzz_1 - Generated Verilog (0.000422912s)
Verismith 11:57:53 fuzz_1 - ### Starting Synthesis ###
Verismith 11:57:53 fuzz_1 - Running synthesis with identity
Verismith 11:57:53 fuzz_1 - Finished synthesis with identity (0.054498662s,Pass ())
Verismith 11:57:53 fuzz_1 - Running synthesis with yosys
Verismith 11:58:11 fuzz_1 - Finished synthesis with yosys (18.111633462s,Pass ())
[(0.054498662s,Pass ()),(18.111633462s,Pass ())]
Verismith 11:58:11 fuzz_1 - ### Finished Synthesis (18.166574185s) ###
Verismith 11:58:11 fuzz_1 - ### Starting Equivalence Check ###
Verismith 11:58:11 fuzz_1 - Running equivalence check for identity and yosys
Verismith 11:58:13 fuzz_1 - Finished equivalence check for identity and yosys (2.42651144s,Fail EquivFail)
[(2.42651144s,Fail EquivFail)]
Verismith 11:58:13 fuzz_1 - ### Finished Equivalence Check (2.426788479s) ###
Verismith 11:58:13 fuzz_1 - ### Starting Simulation ###
Verismith 11:58:13 fuzz_1 - Running simulation for identity
Verismith 11:58:15 fuzz_1 - Finished simulation for identity (1.707527132s,Fail EmptyFail)
Verismith 11:58:15 fuzz_1 - Running simulation for identity
Verismith 11:58:17 fuzz_1 - Finished simulation for identity (1.68105747s,Fail EmptyFail)
Verismith 11:58:17 fuzz_1 - Running simulation for yosys
Verismith 11:58:18 fuzz_1 - Finished simulation for yosys (1.696031197s,Fail EmptyFail)
Verismith 11:58:18 fuzz_1 - Running counter-example simulation for yosys
Verismith 11:58:18 fuzz_1 - Finished counter-example simulation for yosys (0.000000126s,Fail EmptyFail)
[Fail "EmptyFail",Fail "EmptyFail",Fail "EmptyFail"]
Verismith 11:58:18 fuzz_1 - ### Finished Simulation (5.08600902s) ###
