Verismith 16:24:50 fuzz_1 - Sampling Verilog from generator
Verismith 16:24:50 fuzz_1 - Using first seed
Verismith 16:24:50 fuzz_1 - Chose Seed 10125302424574354942 828176532243040297
Verismith 16:24:50 fuzz_1 - Generated Verilog (0.066171471s)
Verismith 16:24:50 fuzz_1 - ### Starting Synthesis ###
Verismith 16:24:50 fuzz_1 - Running synthesis with identity
Verismith 16:24:50 fuzz_1 - Finished synthesis with identity (0.063531983s,Pass ())
Verismith 16:24:50 fuzz_1 - Running synthesis with yosys
Verismith 16:26:48 fuzz_1 - Finished synthesis with yosys (117.672224471s,Pass ())
[(0.063531983s,Pass ()),(117.672224471s,Pass ())]
Verismith 16:26:48 fuzz_1 - ### Finished Synthesis (117.738192382s) ###
Verismith 16:26:48 fuzz_1 - ### Starting Equivalence Check ###
Verismith 16:26:48 fuzz_1 - Running equivalence check for identity and yosys
Verismith 16:26:56 fuzz_1 - Finished equivalence check for identity and yosys (8.085893232s,Pass ())
[(8.085893232s,Pass ())]
Verismith 16:26:56 fuzz_1 - ### Finished Equivalence Check (8.086257084s) ###
Verismith 16:26:56 fuzz_1 - ### Starting Simulation ###
Verismith 16:26:56 fuzz_1 - Running simulation for identity
Verismith 16:26:57 fuzz_1 - Finished simulation for identity (1.026680091s,Pass "\165\ACK\149\DC2\191hh\213")
Verismith 16:26:57 fuzz_1 - Running simulation for identity
Verismith 16:26:58 fuzz_1 - Finished simulation for identity (1.12080771s,Pass "\165\ACK\149\DC2\191hh\213")
Verismith 16:26:58 fuzz_1 - Running simulation for yosys
Verismith 16:27:00 fuzz_1 - Finished simulation for yosys (1.730681756s,Fail SimFail 28b90c9094)
[Pass "a5069512bf",Pass "a5069512bf",Fail "SimFail 28b90c9094"]
Verismith 16:27:00 fuzz_1 - ### Finished Simulation (3.883501109s) ###
