
 /----------------------------------------------------------------------------\
 |                                                                            |
 |  yosys -- Yosys Open SYnthesis Suite                                       |
 |                                                                            |
 |  Copyright (C) 2012 - 2018  Clifford Wolf <clifford@clifford.at>           |
 |                                                                            |
 |  Permission to use, copy, modify, and/or distribute this software for any  |
 |  purpose with or without fee is hereby granted, provided that the above    |
 |  copyright notice and this permission notice appear in all copies.         |
 |                                                                            |
 |  THE SOFTWARE IS PROVIDED "AS IS" AND THE AUTHOR DISCLAIMS ALL WARRANTIES  |
 |  WITH REGARD TO THIS SOFTWARE INCLUDING ALL IMPLIED WARRANTIES OF          |
 |  MERCHANTABILITY AND FITNESS. IN NO EVENT SHALL THE AUTHOR BE LIABLE FOR   |
 |  ANY SPECIAL, DIRECT, INDIRECT, OR CONSEQUENTIAL DAMAGES OR ANY DAMAGES    |
 |  WHATSOEVER RESULTING FROM LOSS OF USE, DATA OR PROFITS, WHETHER IN AN     |
 |  ACTION OF CONTRACT, NEGLIGENCE OR OTHER TORTIOUS ACTION, ARISING OUT OF   |
 |  OR IN CONNECTION WITH THE USE OR PERFORMANCE OF THIS SOFTWARE.            |
 |                                                                            |
 \----------------------------------------------------------------------------/

 Yosys 0.8+411 (git sha1 70d0f389a, gcc 13.3.0-6ubuntu2~24.04.1 -fPIC -Os)


-- Running command `read -formal bugs/known_yosys_6_issue993_crash.v; synth; write_verilog artifacts/known_yosys_direct/issue993_yosys_70d0f38.v' --

1. Executing Verilog-2005 frontend: bugs/known_yosys_6_issue993_crash.v
Parsing formal SystemVerilog input from `bugs/known_yosys_6_issue993_crash.v' to AST representation.
Generating RTLIL representation for module `\top'.
Successfully finished Verilog frontend.

2. Executing SYNTH pass.

2.1. Executing HIERARCHY pass (managing design hierarchy).

2.2. Executing PROC pass (convert processes to netlists).

2.2.1. Executing PROC_CLEAN pass (remove empty switches from decision trees).
Cleaned up 0 empty switches.

2.2.2. Executing PROC_RMDEAD pass (remove dead branches from decision trees).
Removed a total of 0 dead cases.

2.2.3. Executing PROC_INIT pass (extract init attributes).
Found init rule in `\top.$proc$bugs/known_yosys_6_issue993_crash.v:6$6'.
  Set init value: \reg2 = 2'00
Found init rule in `\top.$proc$bugs/known_yosys_6_issue993_crash.v:5$5'.
  Set init value: \reg1 = 2'00

2.2.4. Executing PROC_ARST pass (detect async resets in processes).

2.2.5. Executing PROC_MUX pass (convert decision trees to multiplexers).
Creating decoders for process `\top.$proc$bugs/known_yosys_6_issue993_crash.v:6$6'.
     1/1: $1\reg2[1:0]
Creating decoders for process `\top.$proc$bugs/known_yosys_6_issue993_crash.v:5$5'.
     1/1: $1\reg1[1:0]
Creating decoders for process `\top.$proc$bugs/known_yosys_6_issue993_crash.v:10$3'.
     1/1: $0\reg2[1:0]
Creating decoders for process `\top.$proc$bugs/known_yosys_6_issue993_crash.v:7$1'.
     1/1: $0\reg1[1:0]

2.2.6. Executing PROC_DLATCH pass (convert process syncs to latches).

2.2.7. Executing PROC_DFF pass (convert process syncs to FFs).
Creating register for signal `\top.\reg2' using process `\top.$proc$bugs/known_yosys_6_issue993_crash.v:10$3'.
  created $dff cell `$procdff$7' with positive edge clock.
Creating register for signal `\top.\reg1' using process `\top.$proc$bugs/known_yosys_6_issue993_crash.v:7$1'.
  created $dff cell `$procdff$8' with positive edge clock.

2.2.8. Executing PROC_CLEAN pass (remove empty switches from decision trees).
Removing empty process `top.$proc$bugs/known_yosys_6_issue993_crash.v:6$6'.
Removing empty process `top.$proc$bugs/known_yosys_6_issue993_crash.v:5$5'.
Removing empty process `top.$proc$bugs/known_yosys_6_issue993_crash.v:10$3'.
Removing empty process `top.$proc$bugs/known_yosys_6_issue993_crash.v:7$1'.
Cleaned up 0 empty switches.

2.3. Executing OPT_EXPR pass (perform const folding).
Optimizing module top.

2.4. Executing OPT_CLEAN pass (remove unused cells and wires).
Finding unused cells or wires in module \top..
Removed 0 unused cells and 2 unused wires.
<suppressed ~1 debug messages>

2.5. Executing CHECK pass (checking for obvious problems).
checking module top..
found and reported 0 problems.

2.6. Executing OPT pass (performing simple optimizations).

2.6.1. Executing OPT_EXPR pass (perform const folding).
Optimizing module top.

2.6.2. Executing OPT_MERGE pass (detect identical cells).
Finding identical cells in module `\top'.
Removed a total of 0 cells.

2.6.3. Executing OPT_MUXTREE pass (detect dead branches in mux trees).
Running muxtree optimizer on module \top..
  Creating internal representation of mux trees.
  No muxes found in this module.
Removed 0 multiplexer ports.

2.6.4. Executing OPT_REDUCE pass (consolidate $*mux and $reduce_* inputs).
  Optimizing cells in module \top.
Performed a total of 0 changes.

2.6.5. Executing OPT_MERGE pass (detect identical cells).
Finding identical cells in module `\top'.
Removed a total of 0 cells.

2.6.6. Executing OPT_RMDFF pass (remove dff with constant values).

2.6.7. Executing OPT_CLEAN pass (remove unused cells and wires).
Finding unused cells or wires in module \top..
Removed 0 unused cells and 1 unused wires.
<suppressed ~1 debug messages>

2.6.8. Executing OPT_EXPR pass (perform const folding).
Optimizing module top.

2.6.9. Finished OPT passes. (There is nothing left to do.)

2.7. Executing WREDUCE pass (reducing word size of cells).
Removed top 1 bits (of 2) from port B of cell top.$eq$bugs/known_yosys_6_issue993_crash.v:8$2 ($eq).
Removed cell top.$procdff$8 ($dff).
Removed top 30 bits (of 32) from port A of cell top.$shr$bugs/known_yosys_6_issue993_crash.v:11$4 ($shr).
Removed top 1 bits (of 2) from wire top.$0\reg1[1:0].

2.8. Executing PEEPOPT pass (run peephole optimizers).
terminate called after throwing an instance of 'std::out_of_range'
  what():  vector::_M_range_check: __n (which is 18446744073709551615) >= this->size() (which is 0)
