=== Issue 997, exact affected commit 09467bb9 ===
Yosys 0.8+450 (git sha1 09467bb9a, gcc 13.3.0-6ubuntu2~24.04.1 -fPIC -Os)
input: bugs/known_yosys_7_issue997_init_ignored.v
Generated netlist excerpt:
8:  reg \reg10_reg[0]  = 1'hx;
10:      \reg10_reg[0]  <= wire4;
11:  assign reg10[0] = \reg10_reg[0] ;
13:  assign y = { reg10[0], reg10[0] };

=== Issue 1047, exact affected commit 92dde319 ===
Yosys 0.8+498 (git sha1 92dde319f, gcc 13.3.0-6ubuntu2~24.04.1 -fPIC -Os)
input: bugs/known_yosys_8_issue1047_shift_mul.v
Generated netlist excerpt:
1:/* Generated by Yosys 0.8+498 (git sha1 92dde319f, gcc 13.3.0-6ubuntu2~24.04.1 -fPIC -Os) */
4:  wire _0_;
6:  input [2:0] w;
8:  assign _1_ = w[0] | w[1];
9:  assign _0_ = _1_ | w[2];
10:  assign y = ~_0_;

=== Issue 1243, exact affected commit acd8bc0a ===
Yosys 0.8+618 (git sha1 acd8bc0a7, gcc 13.3.0-6ubuntu2~24.04.1 -fPIC -Os)
input: bugs/known_yosys_9_issue1243_for_if.v
Generated netlist excerpt:
3:module top(y, clk, sel);
5:  wire reg_assign;
7:  input sel;
9:  assign reg_assign = 1'h0;
11:  assign y = 1'h0;

=== Issue 1531, exact affected commit 0466c485 ===
Yosys 0.9+932 (git sha1 0466c4853, gcc 13.3.0-6ubuntu2~24.04.1 -fPIC -Os)
input: bugs/known_yosys_13_issue1531_missynth.v
Generated netlist excerpt:
6:  input w;
9:  always @(posedge clk)
10:      y <= 1'h1;

